# JRE version: OpenJDK Runtime Environment Microsoft-10800203 (21.0.6+7) (build 21.0.6+7-LTS)
# Java VM: OpenJDK 64-Bit Server VM Microsoft-10800203 (21.0.6+7-LTS, mixed mode, sharing, tiered, compressed oops, compressed class ptrs, g1 gc, windows-amd64)
GC Precious Log:
 CardTable entry size: 512
 Card Set container configuration: InlinePtr #cards 4 size 8 Array Of Cards #cards 16 size 48 Howl #buckets 8 coarsen threshold 3686 Howl Bitmap #cards 512 size 80 coarsen threshold 460 Card regions per heap region 1 cards per card region 4096
 CPUs: 8 total, 8 available
 Memory: 16074M
 Large Page Support: Disabled
 NUMA Support: Disabled
 Compressed Oops: Enabled (Zero based)
 Heap Region Size: 2M
 Heap Min Capacity: 8M
 Heap Initial Capacity: 252M
 Heap Max Capacity: 4020M
 Pre-touch: Disabled
 Parallel Workers: 8
 Concurrent Workers: 2
 Concurrent Refinement Workers: 8
 Periodic GC: Disabled
Heap:
 garbage-first heap   total 98304K, used 84855K [0x0000000704c00000, 0x0000000800000000)
  region size 2048K, 4 young (8192K), 1 survivors (2048K)
 Metaspace       used 20022K, committed 20352K, reserved 1114112K
  class space    used 2350K, committed 2496K, reserved 1048576K
GC Heap History (20 events):
Event: 591.159 GC heap before
{Heap before GC invocations=14 (full 5):
 garbage-first heap   total 55296K, used 23379K [0x0000000704c00000, 0x0000000800000000)
  region size 2048K, 6 young (12288K), 1 survivors (2048K)
 Metaspace       used 19910K, committed 20224K, reserved 1114112K
  class space    used 2365K, committed 2496K, reserved 1048576K
}
Event: 591.204 GC heap after
{Heap after GC invocations=15 (full 6):
 garbage-first heap   total 55296K, used 14497K [0x0000000704c00000, 0x0000000800000000)
  region size 2048K, 0 young (0K), 0 survivors (0K)
 Metaspace       used 19910K, committed 20224K, reserved 1114112K
  class space    used 2365K, committed 2496K, reserved 1048576K
}
Event: 654.554 GC heap before
{Heap before GC invocations=15 (full 6):
 garbage-first heap   total 55296K, used 47265K [0x0000000704c00000, 0x0000000800000000)
  region size 2048K, 16 young (32768K), 0 survivors (0K)
 Metaspace       used 19936K, committed 20224K, reserved 1114112K
  class space    used 2365K, committed 2496K, reserved 1048576K
}
Event: 654.556 GC heap after
{Heap after GC invocations=16 (full 6):
 garbage-first heap   total 55296K, used 14883K [0x0000000704c00000, 0x0000000800000000)
  region size 2048K, 1 young (2048K), 1 survivors (2048K)
 Metaspace       used 19936K, committed 20224K, reserved 1114112K
  class space    used 2365K, committed 2496K, reserved 1048576K
}
Event: 713.160 GC heap before
{Heap before GC invocations=16 (full 6):
 garbage-first heap   total 55296K, used 45603K [0x0000000704c00000, 0x0000000800000000)
  region size 2048K, 16 young (32768K), 1 survivors (2048K)
 Metaspace       used 19937K, committed 20224K, reserved 1114112K
  class space    used 2365K, committed 2496K, reserved 1048576K
}
Event: 713.164 GC heap after
{Heap after GC invocations=17 (full 6):
 garbage-first heap   total 55296K, used 14923K [0x0000000704c00000, 0x0000000800000000)
  region size 2048K, 1 young (2048K), 1 survivors (2048K)
 Metaspace       used 19937K, committed 20224K, reserved 1114112K
  class space    used 2365K, committed 2496K, reserved 1048576K
}
Event: 736.651 GC heap before
{Heap before GC invocations=17 (full 6):
 garbage-first heap   total 55296K, used 45643K [0x0000000704c00000, 0x0000000800000000)
  region size 2048K, 16 young (32768K), 1 survivors (2048K)
 Metaspace       used 19939K, committed 20224K, reserved 1114112K
  class space    used 2365K, committed 2496K, reserved 1048576K
}
Event: 736.654 GC heap after
{Heap after GC invocations=18 (full 6):
 garbage-first heap   total 55296K, used 14901K [0x0000000704c00000, 0x0000000800000000)
  region size 2048K, 1 young (2048K), 1 survivors (2048K)
 Metaspace       used 19939K, committed 20224K, reserved 1114112K
  class space    used 2365K, committed 2496K, reserved 1048576K
}
Event: 761.879 GC heap before
{Heap before GC invocations=18 (full 6):
 garbage-first heap   total 55296K, used 45621K [0x0000000704c00000, 0x0000000800000000)
  region size 2048K, 16 young (32768K), 1 survivors (2048K)
 Metaspace       used 19946K, committed 20224K, reserved 1114112K
  class space    used 2365K, committed 2496K, reserved 1048576K
}
Event: 761.882 GC heap after
{Heap after GC invocations=19 (full 6):
 garbage-first heap   total 55296K, used 14914K [0x0000000704c00000, 0x0000000800000000)
  region size 2048K, 1 young (2048K), 1 survivors (2048K)
 Metaspace       used 19946K, committed 20224K, reserved 1114112K
  class space    used 2365K, committed 2496K, reserved 1048576K
}
Event: 788.527 GC heap before
{Heap before GC invocations=19 (full 6):
 garbage-first heap   total 55296K, used 23106K [0x0000000704c00000, 0x0000000800000000)
  region size 2048K, 6 young (12288K), 1 survivors (2048K)
 Metaspace       used 19947K, committed 20224K, reserved 1114112K
  class space    used 2365K, committed 2496K, reserved 1048576K
}
Event: 788.553 GC heap after
{Heap after GC invocations=20 (full 7):
 garbage-first heap   total 55296K, used 14490K [0x0000000704c00000, 0x0000000800000000)
  region size 2048K, 0 young (0K), 0 survivors (0K)
 Metaspace       used 19947K, committed 20224K, reserved 1114112K
  class space    used 2365K, committed 2496K, reserved 1048576K
}
Event: 812.488 GC heap before
{Heap before GC invocations=20 (full 7):
 garbage-first heap   total 55296K, used 26778K [0x0000000704c00000, 0x0000000800000000)
  region size 2048K, 7 young (14336K), 0 survivors (0K)
 Metaspace       used 19971K, committed 20224K, reserved 1114112K
  class space    used 2365K, committed 2496K, reserved 1048576K
}
Event: 812.516 GC heap after
{Heap after GC invocations=21 (full 8):
 garbage-first heap   total 55296K, used 14671K [0x0000000704c00000, 0x0000000800000000)
  region size 2048K, 0 young (0K), 0 survivors (0K)
 Metaspace       used 19971K, committed 20224K, reserved 1114112K
  class space    used 2365K, committed 2496K, reserved 1048576K
}
Event: 3187.192 GC heap before
{Heap before GC invocations=21 (full 8):
 garbage-first heap   total 55296K, used 35151K [0x0000000704c00000, 0x0000000800000000)
  region size 2048K, 11 young (22528K), 0 survivors (0K)
 Metaspace       used 20047K, committed 20288K, reserved 1114112K
  class space    used 2369K, committed 2496K, reserved 1048576K
}
Event: 3187.194 GC heap after
{Heap after GC invocations=22 (full 8):
 garbage-first heap   total 55296K, used 15034K [0x0000000704c00000, 0x0000000800000000)
  region size 2048K, 1 young (2048K), 1 survivors (2048K)
 Metaspace       used 20047K, committed 20288K, reserved 1114112K
  class space    used 2369K, committed 2496K, reserved 1048576K
}
Event: 4943.062 GC heap before
{Heap before GC invocations=22 (full 8):
 garbage-first heap   total 55296K, used 23226K [0x0000000704c00000, 0x0000000800000000)
  region size 2048K, 3 young (6144K), 1 survivors (2048K)
 Metaspace       used 20049K, committed 20288K, reserved 1114112K
  class space    used 2369K, committed 2496K, reserved 1048576K
}
Event: 4943.064 GC heap after
{Heap after GC invocations=23 (full 8):
 garbage-first heap   total 55296K, used 23270K [0x0000000704c00000, 0x0000000800000000)
  region size 2048K, 1 young (2048K), 1 survivors (2048K)
 Metaspace       used 20049K, committed 20288K, reserved 1114112K
  class space    used 2369K, committed 2496K, reserved 1048576K
}
Event: 5688.420 GC heap before
{Heap before GC invocations=24 (full 8):
 garbage-first heap   total 88064K, used 82662K [0x0000000704c00000, 0x0000000800000000)
  region size 2048K, 6 young (12288K), 1 survivors (2048K)
 Metaspace       used 20008K, committed 20352K, reserved 1114112K
  class space    used 2349K, committed 2496K, reserved 1048576K
}
Event: 5688.423 GC heap after
{Heap after GC invocations=25 (full 8):
 garbage-first heap   total 90112K, used 64375K [0x0000000704c00000, 0x0000000800000000)
  region size 2048K, 1 young (2048K), 1 survivors (2048K)
 Metaspace       used 20008K, committed 20352K, reserved 1114112K
  class space    used 2349K, committed 2496K, reserved 1048576K
}

